08-29-2016 @ 07:23:24 - WC_Gateway_PPEC_Client::_request: trying to make a request to PayPal with params: Array
(
    [METHOD] => GetPalDetails
    [VERSION] => 120.0
)

08-29-2016 @ 07:23:24 - WC_Gateway_PPEC_Client::_request: remote request to https://api.paypal.com/nvp with args: Array
(
    [method] => POST
    [body] => Array
        (
            [METHOD] => GetPalDetails
            [VERSION] => 120.0
            [USER] => 
            [PWD] => 
        )

    [user-agent] => WC_Gateway_PPEC_Client
    [httpversion] => 1.1
    [timeout] => 30
)

08-29-2016 @ 07:23:24 - WC_Gateway_PPEC_Client::_request: response from remote request to https://api.paypal.com/nvp: WP_Error Object
(
    [errors] => Array
        (
            [http_request_failed] => Array
                (
                    [0] => unable to use client certificate (no key found or wrong pass phrase?)
                )

        )

    [error_data] => Array
        (
        )

)

08-29-2016 @ 07:23:24 - WC_Gateway_PPEC_Client::_request: exception is thrown while trying to make a request to PayPal: An error occurred while trying to connect to PayPal: unable to use client certificate (no key found or wrong pass phrase?)
08-29-2016 @ 07:23:24 - WC_Gateway_PPEC_Client::_request: returns error: Array
(
    [ACK] => Failure
    [L_ERRORCODE0] => 3
    [L_SHORTMESSAGE0] => Error in WC_Gateway_PPEC_Client::_request
    [L_LONGMESSAGE0] => An error occurred while trying to connect to PayPal: unable to use client certificate (no key found or wrong pass phrase?)
    [L_SEVERITYCODE0] => Error
)

08-29-2016 @ 07:23:25 - WC_Gateway_PPEC_Client::_request: trying to make a request to PayPal with params: Array
(
    [SOLUTIONTYPE] => Sole
    [PAYMENTREQUEST_0_PAYMENTACTION] => sale
    [PAYMENTREQUEST_0_AMT] => 8
    [PAYMENTREQUEST_0_CURRENCYCODE] => USD
    [PAYMENTREQUEST_0_ITEMAMT] => 8
    [PAYMENTREQUEST_0_SHIPPINGAMT] => 0
    [PAYMENTREQUEST_0_INSURANCEAMT] => 0
    [PAYMENTREQUEST_0_HANDLINGAMT] => 0
    [PAYMENTREQUEST_0_TAXAMT] => 0
    [PAYMENTREQUEST_0_CUSTOM] => 
    [PAYMENTREQUEST_0_INVNUM] => 
    [PAYMENTREQUEST_0_SHIPDISCAMT] => 0
    [NOSHIPPING] => 1
    [L_PAYMENTREQUEST_0_NAME0] => Test
    [L_PAYMENTREQUEST_0_DESC0] => Test by Product
    [L_PAYMENTREQUEST_0_QTY0] => 1
    [L_PAYMENTREQUEST_0_AMT0] => 8
    [BRANDNAME] => Wordpress Test
    [RETURNURL] => http://192.168.1.1/mayur/wordpress/checkout/?woo-paypal-return=true
    [CANCELURL] => http://192.168.1.1/mayur/wordpress/cart/?woo-paypal-cancel=true
    [METHOD] => SetExpressCheckout
    [VERSION] => 120.0
)

08-29-2016 @ 07:23:25 - WC_Gateway_PPEC_Client::_request: remote request to https://api.paypal.com/nvp with args: Array
(
    [method] => POST
    [body] => Array
        (
            [SOLUTIONTYPE] => Sole
            [PAYMENTREQUEST_0_PAYMENTACTION] => sale
            [PAYMENTREQUEST_0_AMT] => 8
            [PAYMENTREQUEST_0_CURRENCYCODE] => USD
            [PAYMENTREQUEST_0_ITEMAMT] => 8
            [PAYMENTREQUEST_0_SHIPPINGAMT] => 0
            [PAYMENTREQUEST_0_INSURANCEAMT] => 0
            [PAYMENTREQUEST_0_HANDLINGAMT] => 0
            [PAYMENTREQUEST_0_TAXAMT] => 0
            [PAYMENTREQUEST_0_CUSTOM] => 
            [PAYMENTREQUEST_0_INVNUM] => 
            [PAYMENTREQUEST_0_SHIPDISCAMT] => 0
            [NOSHIPPING] => 1
            [L_PAYMENTREQUEST_0_NAME0] => Test
            [L_PAYMENTREQUEST_0_DESC0] => Test by Product
            [L_PAYMENTREQUEST_0_QTY0] => 1
            [L_PAYMENTREQUEST_0_AMT0] => 8
            [BRANDNAME] => Wordpress Test
            [RETURNURL] => http://192.168.1.1/mayur/wordpress/checkout/?woo-paypal-return=true
            [CANCELURL] => http://192.168.1.1/mayur/wordpress/cart/?woo-paypal-cancel=true
            [METHOD] => SetExpressCheckout
            [VERSION] => 120.0
            [USER] => 
            [PWD] => 
        )

    [user-agent] => WC_Gateway_PPEC_Client
    [httpversion] => 1.1
    [timeout] => 30
)

08-29-2016 @ 07:23:25 - WC_Gateway_PPEC_Client::_request: response from remote request to https://api.paypal.com/nvp: WP_Error Object
(
    [errors] => Array
        (
            [http_request_failed] => Array
                (
                    [0] => unable to use client certificate (no key found or wrong pass phrase?)
                )

        )

    [error_data] => Array
        (
        )

)

08-29-2016 @ 07:23:25 - WC_Gateway_PPEC_Client::_request: exception is thrown while trying to make a request to PayPal: An error occurred while trying to connect to PayPal: unable to use client certificate (no key found or wrong pass phrase?)
08-29-2016 @ 07:23:25 - WC_Gateway_PPEC_Client::_request: returns error: Array
(
    [ACK] => Failure
    [L_ERRORCODE0] => 3
    [L_SHORTMESSAGE0] => Error in WC_Gateway_PPEC_Client::_request
    [L_LONGMESSAGE0] => An error occurred while trying to connect to PayPal: unable to use client certificate (no key found or wrong pass phrase?)
    [L_SEVERITYCODE0] => Error
)

08-29-2016 @ 07:23:25 - WC_Gateway_PPEC_Client::_request: trying to make a request to PayPal with params: Array
(
    [METHOD] => GetPalDetails
    [VERSION] => 120.0
)

08-29-2016 @ 07:23:25 - WC_Gateway_PPEC_Client::_request: remote request to https://api.paypal.com/nvp with args: Array
(
    [method] => POST
    [body] => Array
        (
            [METHOD] => GetPalDetails
            [VERSION] => 120.0
            [USER] => 
            [PWD] => 
        )

    [user-agent] => WC_Gateway_PPEC_Client
    [httpversion] => 1.1
    [timeout] => 30
)

08-29-2016 @ 07:23:25 - WC_Gateway_PPEC_Client::_request: response from remote request to https://api.paypal.com/nvp: WP_Error Object
(
    [errors] => Array
        (
            [http_request_failed] => Array
                (
                    [0] => unable to use client certificate (no key found or wrong pass phrase?)
                )

        )

    [error_data] => Array
        (
        )

)

08-29-2016 @ 07:23:25 - WC_Gateway_PPEC_Client::_request: exception is thrown while trying to make a request to PayPal: An error occurred while trying to connect to PayPal: unable to use client certificate (no key found or wrong pass phrase?)
08-29-2016 @ 07:23:25 - WC_Gateway_PPEC_Client::_request: returns error: Array
(
    [ACK] => Failure
    [L_ERRORCODE0] => 3
    [L_SHORTMESSAGE0] => Error in WC_Gateway_PPEC_Client::_request
    [L_LONGMESSAGE0] => An error occurred while trying to connect to PayPal: unable to use client certificate (no key found or wrong pass phrase?)
    [L_SEVERITYCODE0] => Error
)

08-29-2016 @ 07:23:25 - WC_Gateway_PPEC_Client::_request: trying to make a request to PayPal with params: Array
(
    [METHOD] => GetPalDetails
    [VERSION] => 120.0
)

08-29-2016 @ 07:23:25 - WC_Gateway_PPEC_Client::_request: remote request to https://api.paypal.com/nvp with args: Array
(
    [method] => POST
    [body] => Array
        (
            [METHOD] => GetPalDetails
            [VERSION] => 120.0
            [USER] => 
            [PWD] => 
        )

    [user-agent] => WC_Gateway_PPEC_Client
    [httpversion] => 1.1
    [timeout] => 30
)

08-29-2016 @ 07:23:26 - WC_Gateway_PPEC_Client::_request: response from remote request to https://api.paypal.com/nvp: WP_Error Object
(
    [errors] => Array
        (
            [http_request_failed] => Array
                (
                    [0] => unable to use client certificate (no key found or wrong pass phrase?)
                )

        )

    [error_data] => Array
        (
        )

)

08-29-2016 @ 07:23:26 - WC_Gateway_PPEC_Client::_request: exception is thrown while trying to make a request to PayPal: An error occurred while trying to connect to PayPal: unable to use client certificate (no key found or wrong pass phrase?)
08-29-2016 @ 07:23:26 - WC_Gateway_PPEC_Client::_request: returns error: Array
(
    [ACK] => Failure
    [L_ERRORCODE0] => 3
    [L_SHORTMESSAGE0] => Error in WC_Gateway_PPEC_Client::_request
    [L_LONGMESSAGE0] => An error occurred while trying to connect to PayPal: unable to use client certificate (no key found or wrong pass phrase?)
    [L_SEVERITYCODE0] => Error
)

08-29-2016 @ 07:23:26 - WC_Gateway_PPEC_Client::_request: trying to make a request to PayPal with params: Array
(
    [METHOD] => GetPalDetails
    [VERSION] => 120.0
)

08-29-2016 @ 07:23:26 - WC_Gateway_PPEC_Client::_request: remote request to https://api.paypal.com/nvp with args: Array
(
    [method] => POST
    [body] => Array
        (
            [METHOD] => GetPalDetails
            [VERSION] => 120.0
            [USER] => 
            [PWD] => 
        )

    [user-agent] => WC_Gateway_PPEC_Client
    [httpversion] => 1.1
    [timeout] => 30
)

08-29-2016 @ 07:23:27 - WC_Gateway_PPEC_Client::_request: response from remote request to https://api.paypal.com/nvp: WP_Error Object
(
    [errors] => Array
        (
            [http_request_failed] => Array
                (
                    [0] => unable to use client certificate (no key found or wrong pass phrase?)
                )

        )

    [error_data] => Array
        (
        )

)

08-29-2016 @ 07:23:27 - WC_Gateway_PPEC_Client::_request: exception is thrown while trying to make a request to PayPal: An error occurred while trying to connect to PayPal: unable to use client certificate (no key found or wrong pass phrase?)
08-29-2016 @ 07:23:27 - WC_Gateway_PPEC_Client::_request: returns error: Array
(
    [ACK] => Failure
    [L_ERRORCODE0] => 3
    [L_SHORTMESSAGE0] => Error in WC_Gateway_PPEC_Client::_request
    [L_LONGMESSAGE0] => An error occurred while trying to connect to PayPal: unable to use client certificate (no key found or wrong pass phrase?)
    [L_SEVERITYCODE0] => Error
)

08-29-2016 @ 07:23:27 - WC_Gateway_PPEC_Client::_request: trying to make a request to PayPal with params: Array
(
    [METHOD] => GetPalDetails
    [VERSION] => 120.0
)

08-29-2016 @ 07:23:27 - WC_Gateway_PPEC_Client::_request: remote request to https://api.paypal.com/nvp with args: Array
(
    [method] => POST
    [body] => Array
        (
            [METHOD] => GetPalDetails
            [VERSION] => 120.0
            [USER] => 
            [PWD] => 
        )

    [user-agent] => WC_Gateway_PPEC_Client
    [httpversion] => 1.1
    [timeout] => 30
)

08-29-2016 @ 07:23:27 - WC_Gateway_PPEC_Client::_request: response from remote request to https://api.paypal.com/nvp: WP_Error Object
(
    [errors] => Array
        (
            [http_request_failed] => Array
                (
                    [0] => unable to use client certificate (no key found or wrong pass phrase?)
                )

        )

    [error_data] => Array
        (
        )

)

08-29-2016 @ 07:23:27 - WC_Gateway_PPEC_Client::_request: exception is thrown while trying to make a request to PayPal: An error occurred while trying to connect to PayPal: unable to use client certificate (no key found or wrong pass phrase?)
08-29-2016 @ 07:23:27 - WC_Gateway_PPEC_Client::_request: returns error: Array
(
    [ACK] => Failure
    [L_ERRORCODE0] => 3
    [L_SHORTMESSAGE0] => Error in WC_Gateway_PPEC_Client::_request
    [L_LONGMESSAGE0] => An error occurred while trying to connect to PayPal: unable to use client certificate (no key found or wrong pass phrase?)
    [L_SEVERITYCODE0] => Error
)

08-29-2016 @ 07:27:26 - WC_Gateway_PPEC_IPS_Handler::maybe_received_credentials: returned back from IPS flow with parameters: Array
(
    [page] => wc-settings
    [tab] => checkout
    [section] => wc_gateway_ppec_with_paypal
    [env] => live
    [wc_ppec_ips_admin_nonce] => 2260bc2deb
    [merchantId] => 7f92e5aa7b94040d7ee6199626cf804c
    [merchantPayerId] => 4ZHJDUDDDRS2W
    [api_style] => signature
    [api_username] => felixthomas727_api1.gmail.com
    [api_password] => S3FB2C2AAQ8LQPV2
    [signature] => AYLLeASieR5W.ONzOer3wCcwtzRnAmJ7WPqLMxiXtfgJhFEwzkXfMvcs
)

08-29-2016 @ 07:27:26 - WC_Gateway_PPEC_Client::_request: trying to make a request to PayPal with params: Array
(
    [METHOD] => GetPalDetails
    [VERSION] => 120.0
)

08-29-2016 @ 07:27:26 - WC_Gateway_PPEC_Client::_request: remote request to https://api-3t.paypal.com/nvp with args: Array
(
    [method] => POST
    [body] => Array
        (
            [METHOD] => GetPalDetails
            [VERSION] => 120.0
            [USER] => felixthomas727_api1.gmail.com
            [PWD] => S3FB2C2AAQ8LQPV2
            [SIGNATURE] => AYLLeASieR5W.ONzOer3wCcwtzRnAmJ7WPqLMxiXtfgJhFEwzkXfMvcs
        )

    [user-agent] => WC_Gateway_PPEC_Client
    [httpversion] => 1.1
    [timeout] => 30
)

08-29-2016 @ 07:27:28 - WC_Gateway_PPEC_Client::_request: response from remote request to https://api-3t.paypal.com/nvp: Array
(
    [headers] => Array
        (
            [date] => Mon, 29 Aug 2016 07:27:28 GMT
            [server] => Apache
            [x-paypal-operation-name] => GetPalDetails
            [x-paypal-api-rc] => 
            [connection] => close
            [cache-control] => Array
                (
                    [0] => max-age=0, no-cache, no-store, must-revalidate
                    [1] => max-age=0, no-cache, no-store, must-revalidate
                )

            [pragma] => Array
                (
                    [0] => no-cache
                    [1] => no-cache
                )

            [http_x_pp_az_locator] => dcg11.slc
            [paypal-debug-id] => 7516794569ef0
            [set-cookie] => Array
                (
                    [0] => X-PP-SILOVER=name%3DLIVE3.APIT.1%26silo_version%3D880%26app%3Dappdispatcher_apit%26TIME%3D3773023063%26HTTP_X_PP_AZ_LOCATOR%3Ddcg11.slc; Expires=Mon, 29 Aug 2016 07:57:28 GMT; domain=.paypal.com; path=/; Secure; HttpOnly
                    [1] => X-PP-SILOVER=; Expires=Thu, 01 Jan 1970 00:00:01 GMT
                )

            [content-length] => 138
            [content-type] => text/plain; charset=utf-8
        )

    [body] => PAL=4ZHJDUDDDRS2W&LOCALE=en_US&TIMESTAMP=2016%2d08%2d29T07%3a27%3a28Z&CORRELATIONID=7516794569ef0&ACK=Success&VERSION=120%2e0&BUILD=000000
    [response] => Array
        (
            [code] => 200
            [message] => OK
        )

    [cookies] => Array
        (
            [0] => WP_Http_Cookie Object
                (
                    [name] => X-PP-SILOVER
                    [value] => name=LIVE3.APIT.1&silo_version=880&app=appdispatcher_apit&TIME=3773023063&HTTP_X_PP_AZ_LOCATOR=dcg11.slc
                    [expires] => 1472457448
                    [path] => /
                    [domain] => .paypal.com
                    [secure] => 
                    [httponly] => 
                )

            [1] => WP_Http_Cookie Object
                (
                    [name] => X-PP-SILOVER
                    [value] => 
                    [expires] => 1
                    [path] => //
                    [domain] => api-3t.paypal.com
                )

        )

    [filename] => 
)

08-29-2016 @ 07:27:28 - WC_Gateway_PPEC_Client::_request: acknowleged response body: Array
(
    [PAL] => 4ZHJDUDDDRS2W
    [LOCALE] => en_US
    [TIMESTAMP] => 2016-08-29T07:27:28Z
    [CORRELATIONID] => 7516794569ef0
    [ACK] => Success
    [VERSION] => 120.0
    [BUILD] => 000000
)

08-29-2016 @ 07:27:28 - WC_Gateway_PPEC_IPS_Handler::maybe_received_credentials: returned back from IPS flow: Array
(
    [0] => Array
        (
            [success] => Success!  Your PayPal account has been set up successfully.
        )

)

08-29-2016 @ 07:27:43 - WC_Gateway_PPEC_Client::_request: trying to make a request to PayPal with params: Array
(
    [SOLUTIONTYPE] => Sole
    [PAYMENTREQUEST_0_PAYMENTACTION] => sale
    [PAYMENTREQUEST_0_AMT] => 8
    [PAYMENTREQUEST_0_CURRENCYCODE] => USD
    [PAYMENTREQUEST_0_ITEMAMT] => 8
    [PAYMENTREQUEST_0_SHIPPINGAMT] => 0
    [PAYMENTREQUEST_0_INSURANCEAMT] => 0
    [PAYMENTREQUEST_0_HANDLINGAMT] => 0
    [PAYMENTREQUEST_0_TAXAMT] => 0
    [PAYMENTREQUEST_0_CUSTOM] => 
    [PAYMENTREQUEST_0_INVNUM] => 
    [PAYMENTREQUEST_0_SHIPDISCAMT] => 0
    [NOSHIPPING] => 1
    [L_PAYMENTREQUEST_0_NAME0] => Test
    [L_PAYMENTREQUEST_0_DESC0] => Test by Product
    [L_PAYMENTREQUEST_0_QTY0] => 1
    [L_PAYMENTREQUEST_0_AMT0] => 8
    [BRANDNAME] => Wordpress Test
    [RETURNURL] => http://192.168.1.1/mayur/wordpress/checkout/?woo-paypal-return=true
    [CANCELURL] => http://192.168.1.1/mayur/wordpress/cart/?woo-paypal-cancel=true
    [METHOD] => SetExpressCheckout
    [VERSION] => 120.0
)

08-29-2016 @ 07:27:43 - WC_Gateway_PPEC_Client::_request: remote request to https://api-3t.paypal.com/nvp with args: Array
(
    [method] => POST
    [body] => Array
        (
            [SOLUTIONTYPE] => Sole
            [PAYMENTREQUEST_0_PAYMENTACTION] => sale
            [PAYMENTREQUEST_0_AMT] => 8
            [PAYMENTREQUEST_0_CURRENCYCODE] => USD
            [PAYMENTREQUEST_0_ITEMAMT] => 8
            [PAYMENTREQUEST_0_SHIPPINGAMT] => 0
            [PAYMENTREQUEST_0_INSURANCEAMT] => 0
            [PAYMENTREQUEST_0_HANDLINGAMT] => 0
            [PAYMENTREQUEST_0_TAXAMT] => 0
            [PAYMENTREQUEST_0_CUSTOM] => 
            [PAYMENTREQUEST_0_INVNUM] => 
            [PAYMENTREQUEST_0_SHIPDISCAMT] => 0
            [NOSHIPPING] => 1
            [L_PAYMENTREQUEST_0_NAME0] => Test
            [L_PAYMENTREQUEST_0_DESC0] => Test by Product
            [L_PAYMENTREQUEST_0_QTY0] => 1
            [L_PAYMENTREQUEST_0_AMT0] => 8
            [BRANDNAME] => Wordpress Test
            [RETURNURL] => http://192.168.1.1/mayur/wordpress/checkout/?woo-paypal-return=true
            [CANCELURL] => http://192.168.1.1/mayur/wordpress/cart/?woo-paypal-cancel=true
            [METHOD] => SetExpressCheckout
            [VERSION] => 120.0
            [USER] => felixthomas727_api1.gmail.com
            [PWD] => S3FB2C2AAQ8LQPV2
            [SIGNATURE] => AYLLeASieR5W.ONzOer3wCcwtzRnAmJ7WPqLMxiXtfgJhFEwzkXfMvcs
        )

    [user-agent] => WC_Gateway_PPEC_Client
    [httpversion] => 1.1
    [timeout] => 30
)

08-29-2016 @ 07:27:44 - WC_Gateway_PPEC_Client::_request: response from remote request to https://api-3t.paypal.com/nvp: Array
(
    [headers] => Array
        (
            [date] => Mon, 29 Aug 2016 07:27:44 GMT
            [server] => Apache
            [x-paypal-operation-name] => SetExpressCheckout
            [x-paypal-api-rc] => 
            [connection] => close
            [cache-control] => Array
                (
                    [0] => max-age=0, no-cache, no-store, must-revalidate
                    [1] => max-age=0, no-cache, no-store, must-revalidate
                )

            [pragma] => Array
                (
                    [0] => no-cache
                    [1] => no-cache
                )

            [http_x_pp_az_locator] => dcg11.slc
            [paypal-debug-id] => cbd14005d5288
            [set-cookie] => Array
                (
                    [0] => X-PP-SILOVER=name%3DLIVE5.APIT.1%26silo_version%3D880%26app%3Dappdispatcher_apit%26TIME%3D4041458519%26HTTP_X_PP_AZ_LOCATOR%3Ddcg11.slc; Expires=Mon, 29 Aug 2016 07:57:45 GMT; domain=.paypal.com; path=/; Secure; HttpOnly
                    [1] => X-PP-SILOVER=; Expires=Thu, 01 Jan 1970 00:00:01 GMT
                )

            [content-length] => 138
            [content-type] => text/plain; charset=utf-8
        )

    [body] => TOKEN=EC%2d4DB365422P213114N&TIMESTAMP=2016%2d08%2d29T07%3a27%3a45Z&CORRELATIONID=cbd14005d5288&ACK=Success&VERSION=120%2e0&BUILD=24764620
    [response] => Array
        (
            [code] => 200
            [message] => OK
        )

    [cookies] => Array
        (
            [0] => WP_Http_Cookie Object
                (
                    [name] => X-PP-SILOVER
                    [value] => name=LIVE5.APIT.1&silo_version=880&app=appdispatcher_apit&TIME=4041458519&HTTP_X_PP_AZ_LOCATOR=dcg11.slc
                    [expires] => 1472457465
                    [path] => /
                    [domain] => .paypal.com
                    [secure] => 
                    [httponly] => 
                )

            [1] => WP_Http_Cookie Object
                (
                    [name] => X-PP-SILOVER
                    [value] => 
                    [expires] => 1
                    [path] => //
                    [domain] => api-3t.paypal.com
                )

        )

    [filename] => 
)

08-29-2016 @ 07:27:44 - WC_Gateway_PPEC_Client::_request: acknowleged response body: Array
(
    [TOKEN] => EC-4DB365422P213114N
    [TIMESTAMP] => 2016-08-29T07:27:45Z
    [CORRELATIONID] => cbd14005d5288
    [ACK] => Success
    [VERSION] => 120.0
    [BUILD] => 24764620
)

08-29-2016 @ 07:28:01 - WC_Gateway_PPEC_Client::_request: trying to make a request to PayPal with params: Array
(
    [SOLUTIONTYPE] => Sole
    [PAYMENTREQUEST_0_PAYMENTACTION] => sale
    [PAYMENTREQUEST_0_AMT] => 8
    [PAYMENTREQUEST_0_CURRENCYCODE] => USD
    [PAYMENTREQUEST_0_ITEMAMT] => 8
    [PAYMENTREQUEST_0_SHIPPINGAMT] => 0
    [PAYMENTREQUEST_0_INSURANCEAMT] => 0
    [PAYMENTREQUEST_0_HANDLINGAMT] => 0
    [PAYMENTREQUEST_0_TAXAMT] => 0
    [PAYMENTREQUEST_0_CUSTOM] => 
    [PAYMENTREQUEST_0_INVNUM] => 
    [PAYMENTREQUEST_0_SHIPDISCAMT] => 0
    [NOSHIPPING] => 1
    [L_PAYMENTREQUEST_0_NAME0] => Test
    [L_PAYMENTREQUEST_0_DESC0] => Test by Product
    [L_PAYMENTREQUEST_0_QTY0] => 1
    [L_PAYMENTREQUEST_0_AMT0] => 8
    [BRANDNAME] => Wordpress Test
    [RETURNURL] => http://192.168.1.1/mayur/wordpress/checkout/?woo-paypal-return=true
    [CANCELURL] => http://192.168.1.1/mayur/wordpress/cart/?woo-paypal-cancel=true
    [METHOD] => SetExpressCheckout
    [VERSION] => 120.0
)

08-29-2016 @ 07:28:01 - WC_Gateway_PPEC_Client::_request: remote request to https://api-3t.paypal.com/nvp with args: Array
(
    [method] => POST
    [body] => Array
        (
            [SOLUTIONTYPE] => Sole
            [PAYMENTREQUEST_0_PAYMENTACTION] => sale
            [PAYMENTREQUEST_0_AMT] => 8
            [PAYMENTREQUEST_0_CURRENCYCODE] => USD
            [PAYMENTREQUEST_0_ITEMAMT] => 8
            [PAYMENTREQUEST_0_SHIPPINGAMT] => 0
            [PAYMENTREQUEST_0_INSURANCEAMT] => 0
            [PAYMENTREQUEST_0_HANDLINGAMT] => 0
            [PAYMENTREQUEST_0_TAXAMT] => 0
            [PAYMENTREQUEST_0_CUSTOM] => 
            [PAYMENTREQUEST_0_INVNUM] => 
            [PAYMENTREQUEST_0_SHIPDISCAMT] => 0
            [NOSHIPPING] => 1
            [L_PAYMENTREQUEST_0_NAME0] => Test
            [L_PAYMENTREQUEST_0_DESC0] => Test by Product
            [L_PAYMENTREQUEST_0_QTY0] => 1
            [L_PAYMENTREQUEST_0_AMT0] => 8
            [BRANDNAME] => Wordpress Test
            [RETURNURL] => http://192.168.1.1/mayur/wordpress/checkout/?woo-paypal-return=true
            [CANCELURL] => http://192.168.1.1/mayur/wordpress/cart/?woo-paypal-cancel=true
            [METHOD] => SetExpressCheckout
            [VERSION] => 120.0
            [USER] => felixthomas727_api1.gmail.com
            [PWD] => S3FB2C2AAQ8LQPV2
            [SIGNATURE] => AYLLeASieR5W.ONzOer3wCcwtzRnAmJ7WPqLMxiXtfgJhFEwzkXfMvcs
        )

    [user-agent] => WC_Gateway_PPEC_Client
    [httpversion] => 1.1
    [timeout] => 30
)

08-29-2016 @ 07:28:03 - WC_Gateway_PPEC_Client::_request: response from remote request to https://api-3t.paypal.com/nvp: Array
(
    [headers] => Array
        (
            [date] => Mon, 29 Aug 2016 07:28:03 GMT
            [server] => Apache
            [x-paypal-operation-name] => SetExpressCheckout
            [x-paypal-api-rc] => 
            [connection] => close
            [cache-control] => Array
                (
                    [0] => max-age=0, no-cache, no-store, must-revalidate
                    [1] => max-age=0, no-cache, no-store, must-revalidate
                )

            [pragma] => Array
                (
                    [0] => no-cache
                    [1] => no-cache
                )

            [http_x_pp_az_locator] => dcg11.slc
            [paypal-debug-id] => 5e930c3d131fd
            [set-cookie] => Array
                (
                    [0] => X-PP-SILOVER=name%3DLIVE5.APIT.1%26silo_version%3D880%26app%3Dappdispatcher_apit%26TIME%3D65323863%26HTTP_X_PP_AZ_LOCATOR%3Ddcg11.slc; Expires=Mon, 29 Aug 2016 07:58:03 GMT; domain=.paypal.com; path=/; Secure; HttpOnly
                    [1] => X-PP-SILOVER=; Expires=Thu, 01 Jan 1970 00:00:01 GMT
                )

            [content-length] => 138
            [content-type] => text/plain; charset=utf-8
        )

    [body] => TOKEN=EC%2d9WD78922EJ401305K&TIMESTAMP=2016%2d08%2d29T07%3a28%3a03Z&CORRELATIONID=5e930c3d131fd&ACK=Success&VERSION=120%2e0&BUILD=24764620
    [response] => Array
        (
            [code] => 200
            [message] => OK
        )

    [cookies] => Array
        (
            [0] => WP_Http_Cookie Object
                (
                    [name] => X-PP-SILOVER
                    [value] => name=LIVE5.APIT.1&silo_version=880&app=appdispatcher_apit&TIME=65323863&HTTP_X_PP_AZ_LOCATOR=dcg11.slc
                    [expires] => 1472457483
                    [path] => /
                    [domain] => .paypal.com
                    [secure] => 
                    [httponly] => 
                )

            [1] => WP_Http_Cookie Object
                (
                    [name] => X-PP-SILOVER
                    [value] => 
                    [expires] => 1
                    [path] => //
                    [domain] => api-3t.paypal.com
                )

        )

    [filename] => 
)

08-29-2016 @ 07:28:03 - WC_Gateway_PPEC_Client::_request: acknowleged response body: Array
(
    [TOKEN] => EC-9WD78922EJ401305K
    [TIMESTAMP] => 2016-08-29T07:28:03Z
    [CORRELATIONID] => 5e930c3d131fd
    [ACK] => Success
    [VERSION] => 120.0
    [BUILD] => 24764620
)

08-29-2016 @ 07:29:48 - WC_Gateway_PPEC_Client::_request: trying to make a request to PayPal with params: Array
(
    [SOLUTIONTYPE] => Sole
    [PAYMENTREQUEST_0_PAYMENTACTION] => sale
    [PAYMENTREQUEST_0_AMT] => 8
    [PAYMENTREQUEST_0_CURRENCYCODE] => USD
    [PAYMENTREQUEST_0_ITEMAMT] => 8
    [PAYMENTREQUEST_0_SHIPPINGAMT] => 0
    [PAYMENTREQUEST_0_INSURANCEAMT] => 0
    [PAYMENTREQUEST_0_HANDLINGAMT] => 0
    [PAYMENTREQUEST_0_TAXAMT] => 0
    [PAYMENTREQUEST_0_CUSTOM] => 
    [PAYMENTREQUEST_0_INVNUM] => 
    [PAYMENTREQUEST_0_SHIPDISCAMT] => 0
    [NOSHIPPING] => 1
    [L_PAYMENTREQUEST_0_NAME0] => Test
    [L_PAYMENTREQUEST_0_DESC0] => Test by Product
    [L_PAYMENTREQUEST_0_QTY0] => 1
    [L_PAYMENTREQUEST_0_AMT0] => 8
    [BRANDNAME] => Wordpress Test
    [RETURNURL] => http://192.168.1.1/mayur/wordpress/checkout/?woo-paypal-return=true
    [CANCELURL] => http://192.168.1.1/mayur/wordpress/cart/?woo-paypal-cancel=true
    [METHOD] => SetExpressCheckout
    [VERSION] => 120.0
)

08-29-2016 @ 07:29:48 - WC_Gateway_PPEC_Client::_request: remote request to https://api-3t.paypal.com/nvp with args: Array
(
    [method] => POST
    [body] => Array
        (
            [SOLUTIONTYPE] => Sole
            [PAYMENTREQUEST_0_PAYMENTACTION] => sale
            [PAYMENTREQUEST_0_AMT] => 8
            [PAYMENTREQUEST_0_CURRENCYCODE] => USD
            [PAYMENTREQUEST_0_ITEMAMT] => 8
            [PAYMENTREQUEST_0_SHIPPINGAMT] => 0
            [PAYMENTREQUEST_0_INSURANCEAMT] => 0
            [PAYMENTREQUEST_0_HANDLINGAMT] => 0
            [PAYMENTREQUEST_0_TAXAMT] => 0
            [PAYMENTREQUEST_0_CUSTOM] => 
            [PAYMENTREQUEST_0_INVNUM] => 
            [PAYMENTREQUEST_0_SHIPDISCAMT] => 0
            [NOSHIPPING] => 1
            [L_PAYMENTREQUEST_0_NAME0] => Test
            [L_PAYMENTREQUEST_0_DESC0] => Test by Product
            [L_PAYMENTREQUEST_0_QTY0] => 1
            [L_PAYMENTREQUEST_0_AMT0] => 8
            [BRANDNAME] => Wordpress Test
            [RETURNURL] => http://192.168.1.1/mayur/wordpress/checkout/?woo-paypal-return=true
            [CANCELURL] => http://192.168.1.1/mayur/wordpress/cart/?woo-paypal-cancel=true
            [METHOD] => SetExpressCheckout
            [VERSION] => 120.0
            [USER] => felixthomas727_api1.gmail.com
            [PWD] => S3FB2C2AAQ8LQPV2
            [SIGNATURE] => AYLLeASieR5W.ONzOer3wCcwtzRnAmJ7WPqLMxiXtfgJhFEwzkXfMvcs
        )

    [user-agent] => WC_Gateway_PPEC_Client
    [httpversion] => 1.1
    [timeout] => 30
)

08-29-2016 @ 07:29:50 - WC_Gateway_PPEC_Client::_request: response from remote request to https://api-3t.paypal.com/nvp: Array
(
    [headers] => Array
        (
            [date] => Mon, 29 Aug 2016 07:29:50 GMT
            [server] => Apache
            [x-paypal-operation-name] => SetExpressCheckout
            [x-paypal-api-rc] => 
            [connection] => close
            [cache-control] => Array
                (
                    [0] => max-age=0, no-cache, no-store, must-revalidate
                    [1] => max-age=0, no-cache, no-store, must-revalidate
                )

            [pragma] => Array
                (
                    [0] => no-cache
                    [1] => no-cache
                )

            [http_x_pp_az_locator] => slcb.slc
            [paypal-debug-id] => a351e7c4131ca
            [set-cookie] => Array
                (
                    [0] => X-PP-SILOVER=name%3DLIVE3.APIT.1%26silo_version%3D880%26app%3Dappdispatcher_apit%26TIME%3D1860485975%26HTTP_X_PP_AZ_LOCATOR%3Dslcb.slc; Expires=Mon, 29 Aug 2016 07:59:50 GMT; domain=.paypal.com; path=/; Secure; HttpOnly
                    [1] => X-PP-SILOVER=; Expires=Thu, 01 Jan 1970 00:00:01 GMT
                )

            [content-length] => 138
            [content-type] => text/plain; charset=utf-8
        )

    [body] => TOKEN=EC%2d16G805266K207521T&TIMESTAMP=2016%2d08%2d29T07%3a29%3a50Z&CORRELATIONID=a351e7c4131ca&ACK=Success&VERSION=120%2e0&BUILD=24764620
    [response] => Array
        (
            [code] => 200
            [message] => OK
        )

    [cookies] => Array
        (
            [0] => WP_Http_Cookie Object
                (
                    [name] => X-PP-SILOVER
                    [value] => name=LIVE3.APIT.1&silo_version=880&app=appdispatcher_apit&TIME=1860485975&HTTP_X_PP_AZ_LOCATOR=slcb.slc
                    [expires] => 1472457590
                    [path] => /
                    [domain] => .paypal.com
                    [secure] => 
                    [httponly] => 
                )

            [1] => WP_Http_Cookie Object
                (
                    [name] => X-PP-SILOVER
                    [value] => 
                    [expires] => 1
                    [path] => //
                    [domain] => api-3t.paypal.com
                )

        )

    [filename] => 
)

08-29-2016 @ 07:29:50 - WC_Gateway_PPEC_Client::_request: acknowleged response body: Array
(
    [TOKEN] => EC-16G805266K207521T
    [TIMESTAMP] => 2016-08-29T07:29:50Z
    [CORRELATIONID] => a351e7c4131ca
    [ACK] => Success
    [VERSION] => 120.0
    [BUILD] => 24764620
)

08-29-2016 @ 07:36:10 - WC_Gateway_PPEC_IPS_Handler::maybe_received_credentials: returned back from IPS flow with parameters: Array
(
    [page] => wc-settings
    [tab] => checkout
    [section] => wc_gateway_ppec_with_paypal
    [env] => sandbox
    [wc_ppec_ips_admin_nonce] => 2260bc2deb
    [merchantId] => cf6355cc657eeaa39b597802237e5274
    [merchantPayerId] => BAELP23T7XDNA
    [error] => true
    [error_message] => Response from PayPal does not contain an api_credentials property
)

08-29-2016 @ 07:36:10 - WC_Gateway_PPEC_IPS_Handler::maybe_received_credentials: returned back from IPS flow with error: Response from PayPal does not contain an api_credentials property
08-29-2016 @ 08:31:07 - WC_Gateway_PPEC_Client::_request: trying to make a request to PayPal with params: Array
(
    [SOLUTIONTYPE] => Sole
    [PAYMENTREQUEST_0_PAYMENTACTION] => sale
    [PAYMENTREQUEST_0_AMT] => 8
    [PAYMENTREQUEST_0_CURRENCYCODE] => USD
    [PAYMENTREQUEST_0_ITEMAMT] => 8
    [PAYMENTREQUEST_0_SHIPPINGAMT] => 0
    [PAYMENTREQUEST_0_INSURANCEAMT] => 0
    [PAYMENTREQUEST_0_HANDLINGAMT] => 0
    [PAYMENTREQUEST_0_TAXAMT] => 0
    [PAYMENTREQUEST_0_CUSTOM] => 
    [PAYMENTREQUEST_0_INVNUM] => 
    [PAYMENTREQUEST_0_SHIPDISCAMT] => 0
    [NOSHIPPING] => 1
    [L_PAYMENTREQUEST_0_NAME0] => Test
    [L_PAYMENTREQUEST_0_DESC0] => Test by Product
    [L_PAYMENTREQUEST_0_QTY0] => 1
    [L_PAYMENTREQUEST_0_AMT0] => 8
    [BRANDNAME] => Wordpress Test
    [RETURNURL] => http://192.168.1.1/mayur/wordpress/checkout/?woo-paypal-return=true
    [CANCELURL] => http://192.168.1.1/mayur/wordpress/cart/?woo-paypal-cancel=true
    [METHOD] => SetExpressCheckout
    [VERSION] => 120.0
)

08-29-2016 @ 08:31:07 - WC_Gateway_PPEC_Client::_request: remote request to https://api-3t.paypal.com/nvp with args: Array
(
    [method] => POST
    [body] => Array
        (
            [SOLUTIONTYPE] => Sole
            [PAYMENTREQUEST_0_PAYMENTACTION] => sale
            [PAYMENTREQUEST_0_AMT] => 8
            [PAYMENTREQUEST_0_CURRENCYCODE] => USD
            [PAYMENTREQUEST_0_ITEMAMT] => 8
            [PAYMENTREQUEST_0_SHIPPINGAMT] => 0
            [PAYMENTREQUEST_0_INSURANCEAMT] => 0
            [PAYMENTREQUEST_0_HANDLINGAMT] => 0
            [PAYMENTREQUEST_0_TAXAMT] => 0
            [PAYMENTREQUEST_0_CUSTOM] => 
            [PAYMENTREQUEST_0_INVNUM] => 
            [PAYMENTREQUEST_0_SHIPDISCAMT] => 0
            [NOSHIPPING] => 1
            [L_PAYMENTREQUEST_0_NAME0] => Test
            [L_PAYMENTREQUEST_0_DESC0] => Test by Product
            [L_PAYMENTREQUEST_0_QTY0] => 1
            [L_PAYMENTREQUEST_0_AMT0] => 8
            [BRANDNAME] => Wordpress Test
            [RETURNURL] => http://192.168.1.1/mayur/wordpress/checkout/?woo-paypal-return=true
            [CANCELURL] => http://192.168.1.1/mayur/wordpress/cart/?woo-paypal-cancel=true
            [METHOD] => SetExpressCheckout
            [VERSION] => 120.0
            [USER] => felixthomas727_api1.gmail.com
            [PWD] => S3FB2C2AAQ8LQPV2
            [SIGNATURE] => AYLLeASieR5W.ONzOer3wCcwtzRnAmJ7WPqLMxiXtfgJhFEwzkXfMvcs
        )

    [user-agent] => WC_Gateway_PPEC_Client
    [httpversion] => 1.1
    [timeout] => 30
)

08-29-2016 @ 08:31:08 - WC_Gateway_PPEC_Client::_request: response from remote request to https://api-3t.paypal.com/nvp: Array
(
    [headers] => Array
        (
            [date] => Mon, 29 Aug 2016 08:31:08 GMT
            [server] => Apache
            [x-paypal-operation-name] => SetExpressCheckout
            [x-paypal-api-rc] => 
            [connection] => close
            [cache-control] => Array
                (
                    [0] => max-age=0, no-cache, no-store, must-revalidate
                    [1] => max-age=0, no-cache, no-store, must-revalidate
                )

            [pragma] => Array
                (
                    [0] => no-cache
                    [1] => no-cache
                )

            [http_x_pp_az_locator] => dcg11.slc
            [paypal-debug-id] => 624fb0f183a4f
            [set-cookie] => Array
                (
                    [0] => X-PP-SILOVER=name%3DLIVE3.APIT.1%26silo_version%3D880%26app%3Dappdispatcher_apit%26TIME%3D3438461783%26HTTP_X_PP_AZ_LOCATOR%3Ddcg11.slc; Expires=Mon, 29 Aug 2016 09:01:08 GMT; domain=.paypal.com; path=/; Secure; HttpOnly
                    [1] => X-PP-SILOVER=; Expires=Thu, 01 Jan 1970 00:00:01 GMT
                )

            [content-length] => 138
            [content-type] => text/plain; charset=utf-8
        )

    [body] => TOKEN=EC%2d0FF48209A8407524A&TIMESTAMP=2016%2d08%2d29T08%3a31%3a08Z&CORRELATIONID=624fb0f183a4f&ACK=Success&VERSION=120%2e0&BUILD=24764620
    [response] => Array
        (
            [code] => 200
            [message] => OK
        )

    [cookies] => Array
        (
            [0] => WP_Http_Cookie Object
                (
                    [name] => X-PP-SILOVER
                    [value] => name=LIVE3.APIT.1&silo_version=880&app=appdispatcher_apit&TIME=3438461783&HTTP_X_PP_AZ_LOCATOR=dcg11.slc
                    [expires] => 1472461268
                    [path] => /
                    [domain] => .paypal.com
                    [secure] => 
                    [httponly] => 
                )

            [1] => WP_Http_Cookie Object
                (
                    [name] => X-PP-SILOVER
                    [value] => 
                    [expires] => 1
                    [path] => //
                    [domain] => api-3t.paypal.com
                )

        )

    [filename] => 
)

08-29-2016 @ 08:31:08 - WC_Gateway_PPEC_Client::_request: acknowleged response body: Array
(
    [TOKEN] => EC-0FF48209A8407524A
    [TIMESTAMP] => 2016-08-29T08:31:08Z
    [CORRELATIONID] => 624fb0f183a4f
    [ACK] => Success
    [VERSION] => 120.0
    [BUILD] => 24764620
)

08-29-2016 @ 08:36:12 - WC_Gateway_PPEC_IPS_Handler::maybe_received_credentials: returned back from IPS flow with parameters: Array
(
    [page] => wc-settings
    [tab] => checkout
    [section] => wc_gateway_ppec_with_paypal
    [env] => sandbox
    [wc_ppec_ips_admin_nonce] => 2260bc2deb
    [merchantId] => 027fa134095ce317fd4dce76f46363bf
    [merchantPayerId] => BAELP23T7XDNA
    [error] => true
    [error_message] => Response from PayPal does not contain an api_credentials property
)

08-29-2016 @ 08:36:12 - WC_Gateway_PPEC_IPS_Handler::maybe_received_credentials: returned back from IPS flow with error: Response from PayPal does not contain an api_credentials property
08-29-2016 @ 08:37:22 - WC_Gateway_PPEC_Client::_request: trying to make a request to PayPal with params: Array
(
    [METHOD] => GetPalDetails
    [VERSION] => 120.0
)

08-29-2016 @ 08:37:22 - WC_Gateway_PPEC_Client::_request: remote request to https://api.sandbox.paypal.com/nvp with args: Array
(
    [method] => POST
    [body] => Array
        (
            [METHOD] => GetPalDetails
            [VERSION] => 120.0
            [USER] => 
            [PWD] => 
        )

    [user-agent] => WC_Gateway_PPEC_Client
    [httpversion] => 1.1
    [timeout] => 30
)

08-29-2016 @ 08:37:22 - WC_Gateway_PPEC_Client::_request: response from remote request to https://api.sandbox.paypal.com/nvp: WP_Error Object
(
    [errors] => Array
        (
            [http_request_failed] => Array
                (
                    [0] => unable to use client certificate (no key found or wrong pass phrase?)
                )

        )

    [error_data] => Array
        (
        )

)

08-29-2016 @ 08:37:22 - WC_Gateway_PPEC_Client::_request: exception is thrown while trying to make a request to PayPal: An error occurred while trying to connect to PayPal: unable to use client certificate (no key found or wrong pass phrase?)
08-29-2016 @ 08:37:22 - WC_Gateway_PPEC_Client::_request: returns error: Array
(
    [ACK] => Failure
    [L_ERRORCODE0] => 3
    [L_SHORTMESSAGE0] => Error in WC_Gateway_PPEC_Client::_request
    [L_LONGMESSAGE0] => An error occurred while trying to connect to PayPal: unable to use client certificate (no key found or wrong pass phrase?)
    [L_SEVERITYCODE0] => Error
)

08-29-2016 @ 08:37:22 - WC_Gateway_PPEC_Client::_request: trying to make a request to PayPal with params: Array
(
    [SOLUTIONTYPE] => Sole
    [PAYMENTREQUEST_0_PAYMENTACTION] => sale
    [PAYMENTREQUEST_0_AMT] => 8
    [PAYMENTREQUEST_0_CURRENCYCODE] => USD
    [PAYMENTREQUEST_0_ITEMAMT] => 8
    [PAYMENTREQUEST_0_SHIPPINGAMT] => 0
    [PAYMENTREQUEST_0_INSURANCEAMT] => 0
    [PAYMENTREQUEST_0_HANDLINGAMT] => 0
    [PAYMENTREQUEST_0_TAXAMT] => 0
    [PAYMENTREQUEST_0_CUSTOM] => 
    [PAYMENTREQUEST_0_INVNUM] => 
    [PAYMENTREQUEST_0_SHIPDISCAMT] => 0
    [NOSHIPPING] => 1
    [L_PAYMENTREQUEST_0_NAME0] => Test
    [L_PAYMENTREQUEST_0_DESC0] => Test by Product
    [L_PAYMENTREQUEST_0_QTY0] => 1
    [L_PAYMENTREQUEST_0_AMT0] => 8
    [BRANDNAME] => Wordpress Test
    [RETURNURL] => http://192.168.1.1/mayur/wordpress/checkout/?woo-paypal-return=true
    [CANCELURL] => http://192.168.1.1/mayur/wordpress/cart/?woo-paypal-cancel=true
    [METHOD] => SetExpressCheckout
    [VERSION] => 120.0
)

08-29-2016 @ 08:37:22 - WC_Gateway_PPEC_Client::_request: remote request to https://api.sandbox.paypal.com/nvp with args: Array
(
    [method] => POST
    [body] => Array
        (
            [SOLUTIONTYPE] => Sole
            [PAYMENTREQUEST_0_PAYMENTACTION] => sale
            [PAYMENTREQUEST_0_AMT] => 8
            [PAYMENTREQUEST_0_CURRENCYCODE] => USD
            [PAYMENTREQUEST_0_ITEMAMT] => 8
            [PAYMENTREQUEST_0_SHIPPINGAMT] => 0
            [PAYMENTREQUEST_0_INSURANCEAMT] => 0
            [PAYMENTREQUEST_0_HANDLINGAMT] => 0
            [PAYMENTREQUEST_0_TAXAMT] => 0
            [PAYMENTREQUEST_0_CUSTOM] => 
            [PAYMENTREQUEST_0_INVNUM] => 
            [PAYMENTREQUEST_0_SHIPDISCAMT] => 0
            [NOSHIPPING] => 1
            [L_PAYMENTREQUEST_0_NAME0] => Test
            [L_PAYMENTREQUEST_0_DESC0] => Test by Product
            [L_PAYMENTREQUEST_0_QTY0] => 1
            [L_PAYMENTREQUEST_0_AMT0] => 8
            [BRANDNAME] => Wordpress Test
            [RETURNURL] => http://192.168.1.1/mayur/wordpress/checkout/?woo-paypal-return=true
            [CANCELURL] => http://192.168.1.1/mayur/wordpress/cart/?woo-paypal-cancel=true
            [METHOD] => SetExpressCheckout
            [VERSION] => 120.0
            [USER] => 
            [PWD] => 
        )

    [user-agent] => WC_Gateway_PPEC_Client
    [httpversion] => 1.1
    [timeout] => 30
)

08-29-2016 @ 08:37:23 - WC_Gateway_PPEC_Client::_request: response from remote request to https://api.sandbox.paypal.com/nvp: WP_Error Object
(
    [errors] => Array
        (
            [http_request_failed] => Array
                (
                    [0] => unable to use client certificate (no key found or wrong pass phrase?)
                )

        )

    [error_data] => Array
        (
        )

)

08-29-2016 @ 08:37:23 - WC_Gateway_PPEC_Client::_request: exception is thrown while trying to make a request to PayPal: An error occurred while trying to connect to PayPal: unable to use client certificate (no key found or wrong pass phrase?)
08-29-2016 @ 08:37:23 - WC_Gateway_PPEC_Client::_request: returns error: Array
(
    [ACK] => Failure
    [L_ERRORCODE0] => 3
    [L_SHORTMESSAGE0] => Error in WC_Gateway_PPEC_Client::_request
    [L_LONGMESSAGE0] => An error occurred while trying to connect to PayPal: unable to use client certificate (no key found or wrong pass phrase?)
    [L_SEVERITYCODE0] => Error
)

08-29-2016 @ 08:37:23 - WC_Gateway_PPEC_Client::_request: trying to make a request to PayPal with params: Array
(
    [METHOD] => GetPalDetails
    [VERSION] => 120.0
)

08-29-2016 @ 08:37:23 - WC_Gateway_PPEC_Client::_request: remote request to https://api.sandbox.paypal.com/nvp with args: Array
(
    [method] => POST
    [body] => Array
        (
            [METHOD] => GetPalDetails
            [VERSION] => 120.0
            [USER] => 
            [PWD] => 
        )

    [user-agent] => WC_Gateway_PPEC_Client
    [httpversion] => 1.1
    [timeout] => 30
)

08-29-2016 @ 08:37:23 - WC_Gateway_PPEC_Client::_request: response from remote request to https://api.sandbox.paypal.com/nvp: WP_Error Object
(
    [errors] => Array
        (
            [http_request_failed] => Array
                (
                    [0] => unable to use client certificate (no key found or wrong pass phrase?)
                )

        )

    [error_data] => Array
        (
        )

)

08-29-2016 @ 08:37:23 - WC_Gateway_PPEC_Client::_request: exception is thrown while trying to make a request to PayPal: An error occurred while trying to connect to PayPal: unable to use client certificate (no key found or wrong pass phrase?)
08-29-2016 @ 08:37:23 - WC_Gateway_PPEC_Client::_request: returns error: Array
(
    [ACK] => Failure
    [L_ERRORCODE0] => 3
    [L_SHORTMESSAGE0] => Error in WC_Gateway_PPEC_Client::_request
    [L_LONGMESSAGE0] => An error occurred while trying to connect to PayPal: unable to use client certificate (no key found or wrong pass phrase?)
    [L_SEVERITYCODE0] => Error
)

08-29-2016 @ 08:37:23 - WC_Gateway_PPEC_Client::_request: trying to make a request to PayPal with params: Array
(
    [METHOD] => GetPalDetails
    [VERSION] => 120.0
)

08-29-2016 @ 08:37:23 - WC_Gateway_PPEC_Client::_request: remote request to https://api.sandbox.paypal.com/nvp with args: Array
(
    [method] => POST
    [body] => Array
        (
            [METHOD] => GetPalDetails
            [VERSION] => 120.0
            [USER] => 
            [PWD] => 
        )

    [user-agent] => WC_Gateway_PPEC_Client
    [httpversion] => 1.1
    [timeout] => 30
)

08-29-2016 @ 08:37:24 - WC_Gateway_PPEC_Client::_request: response from remote request to https://api.sandbox.paypal.com/nvp: WP_Error Object
(
    [errors] => Array
        (
            [http_request_failed] => Array
                (
                    [0] => unable to use client certificate (no key found or wrong pass phrase?)
                )

        )

    [error_data] => Array
        (
        )

)

08-29-2016 @ 08:37:24 - WC_Gateway_PPEC_Client::_request: exception is thrown while trying to make a request to PayPal: An error occurred while trying to connect to PayPal: unable to use client certificate (no key found or wrong pass phrase?)
08-29-2016 @ 08:37:24 - WC_Gateway_PPEC_Client::_request: returns error: Array
(
    [ACK] => Failure
    [L_ERRORCODE0] => 3
    [L_SHORTMESSAGE0] => Error in WC_Gateway_PPEC_Client::_request
    [L_LONGMESSAGE0] => An error occurred while trying to connect to PayPal: unable to use client certificate (no key found or wrong pass phrase?)
    [L_SEVERITYCODE0] => Error
)

08-29-2016 @ 08:37:24 - WC_Gateway_PPEC_Client::_request: trying to make a request to PayPal with params: Array
(
    [METHOD] => GetPalDetails
    [VERSION] => 120.0
)

08-29-2016 @ 08:37:24 - WC_Gateway_PPEC_Client::_request: remote request to https://api.sandbox.paypal.com/nvp with args: Array
(
    [method] => POST
    [body] => Array
        (
            [METHOD] => GetPalDetails
            [VERSION] => 120.0
            [USER] => 
            [PWD] => 
        )

    [user-agent] => WC_Gateway_PPEC_Client
    [httpversion] => 1.1
    [timeout] => 30
)

08-29-2016 @ 08:37:24 - WC_Gateway_PPEC_Client::_request: response from remote request to https://api.sandbox.paypal.com/nvp: WP_Error Object
(
    [errors] => Array
        (
            [http_request_failed] => Array
                (
                    [0] => unable to use client certificate (no key found or wrong pass phrase?)
                )

        )

    [error_data] => Array
        (
        )

)

08-29-2016 @ 08:37:24 - WC_Gateway_PPEC_Client::_request: exception is thrown while trying to make a request to PayPal: An error occurred while trying to connect to PayPal: unable to use client certificate (no key found or wrong pass phrase?)
08-29-2016 @ 08:37:24 - WC_Gateway_PPEC_Client::_request: returns error: Array
(
    [ACK] => Failure
    [L_ERRORCODE0] => 3
    [L_SHORTMESSAGE0] => Error in WC_Gateway_PPEC_Client::_request
    [L_LONGMESSAGE0] => An error occurred while trying to connect to PayPal: unable to use client certificate (no key found or wrong pass phrase?)
    [L_SEVERITYCODE0] => Error
)

